Change Component Designator: Old Designator=B? New Designator=B1
Change Component Designator: Old Designator=C5 New Designator=C6
Change Component Designator: Old Designator=C6 New Designator=C7
Change Component Designator: Old Designator=C7 New Designator=C8
Change Component Designator: Old Designator=C12 New Designator=C9
Change Component Designator: Old Designator=C14 New Designator=C10
Change Component Designator: Old Designator=C15 New Designator=C11
Change Component Designator: Old Designator=C16 New Designator=C12
Change Component Designator: Old Designator=C18 New Designator=C13
Change Component Designator: Old Designator=C19 New Designator=C14
Change Component Designator: Old Designator=C20 New Designator=C15
Change Component Designator: Old Designator=C21 New Designator=C16
Change Component Designator: Old Designator=C22 New Designator=C17
Change Component Designator: Old Designator=C? New Designator=C5
Change Component Designator: Old Designator=D1 New Designator=D2
Change Component Designator: Old Designator=D5 New Designator=D3
Change Component Designator: Old Designator=D6 New Designator=D4
Change Component Designator: Old Designator=D? New Designator=D1
Change Component Designator: Old Designator=H1 New Designator=H3
Change Component Designator: Old Designator=H? New Designator=H1
Change Component Designator: Old Designator=H? New Designator=H2
Change Component Designator: Old Designator=Header4 New Designator=Header2
Change Component Designator: Old Designator=Header5 New Designator=Header3
Change Component Designator: Old Designator=Header9 New Designator=Header5
Change Component Designator: Old Designator=Header10 New Designator=Header4
Change Component Designator: Old Designator=P2 New Designator=P1
Change Component Designator: Old Designator=P3 New Designator=P2
Change Component Designator: Old Designator=P5 New Designator=P3
Change Component Designator: Old Designator=Q? New Designator=Q1
Change Component Designator: Old Designator=R11 New Designator=R8
Change Component Designator: Old Designator=R12 New Designator=R9
Change Component Designator: Old Designator=R15 New Designator=R10
Change Component Designator: Old Designator=R16 New Designator=R11
Change Component Designator: Old Designator=R17 New Designator=R12
Change Component Designator: Old Designator=R18 New Designator=R13
Change Component Designator: Old Designator=R19 New Designator=R14
Change Component Designator: Old Designator=R20 New Designator=R15
Change Component Designator: Old Designator=R? New Designator=R5
Change Component Designator: Old Designator=U4 New Designator=U2
Change Component Designator: Old Designator=U5 New Designator=U3
Change Component Designator: Old Designator=U6 New Designator=U4
Change Component Designator: Old Designator=U7 New Designator=U5
