Removed Pin From Net: NetName=PA7 Pin=Header4-1
Removed Pin From Net: NetName=PA6 Pin=Header4-2
Removed Pin From Net: NetName=PA5/SCL Pin=Header4-3
Removed Pin From Net: NetName=PA4/SDA Pin=Header4-4
Removed Pin From Net: NetName=RXD2 Pin=Header4-5
Removed Pin From Net: NetName=TXD2 Pin=Header4-6
Removed Pin From Net: NetName=PA1 Pin=Header4-7
Removed Pin From Net: NetName=PA15 Pin=Header5-1
Removed Pin From Net: NetName=SWDCLK Pin=Header5-2
Removed Pin From Net: NetName=SWDIO Pin=Header5-3
Removed Pin From Net: NetName=PA12 Pin=Header5-4
Removed Pin From Net: NetName=PA11 Pin=Header5-5
Removed Pin From Net: NetName=RXD Pin=Header5-6
Removed Pin From Net: NetName=TXD Pin=Header5-7
Removed Pin From Net: NetName=PA8 Pin=Header5-8
Removed Pin From Net: NetName=PB7 Pin=Header6-1
Removed Pin From Net: NetName=PB6 Pin=Header6-2
Removed Pin From Net: NetName=PB5 Pin=Header6-3
Removed Pin From Net: NetName=PB4 Pin=Header6-4
Removed Pin From Net: NetName=PB3 Pin=Header6-5
Removed Pin From Net: NetName=BOOT0 Pin=Header6-6
Removed Pin From Net: NetName=PB1 Pin=Header6-7
Removed Pin From Net: NetName=PB0 Pin=Header6-8
Removed Pin From Net: NetName=PB15/SDL Pin=Header7-1
Removed Pin From Net: NetName=PB14/SDO Pin=Header7-2
Removed Pin From Net: NetName=PB13/SCL Pin=Header7-3
Removed Pin From Net: NetName=PB12/CS Pin=Header7-4
Removed Pin From Net: NetName=PB11 Pin=Header7-5
Removed Pin From Net: NetName=PB10 Pin=Header7-6
Removed Pin From Net: NetName=PB9 Pin=Header7-7
Removed Pin From Net: NetName=PB8 Pin=Header7-8
Removed Pin From Net: NetName=PD2 Pin=Header9-1
Removed Pin From Net: NetName=OSC_OUT Pin=Header9-2
Removed Pin From Net: NetName=OSC_IN Pin=Header9-3
Removed Pin From Net: NetName=PC13 Pin=Header9-4
Removed Pin From Net: NetName=PC11 Pin=Header9-5
Removed Pin From Net: NetName=PC10 Pin=Header9-6
Removed Pin From Net: NetName=PC9 Pin=Header9-7
Removed Pin From Net: NetName=PC8 Pin=Header9-8
Removed Pin From Net: NetName=PC7/BLK Pin=Header10-1
Removed Pin From Net: NetName=PC6/RS Pin=Header10-2
Removed Pin From Net: NetName=PC5 Pin=Header10-3
Removed Pin From Net: NetName=PC4 Pin=Header10-4
Removed Pin From Net: NetName=PC3 Pin=Header10-5
Removed Pin From Net: NetName=PC2 Pin=Header10-6
Removed Pin From Net: NetName=PC1 Pin=Header10-7
Removed Pin From Net: NetName=PC0 Pin=Header10-8
Change component parameters: Designator = "P1"; Footprint = "HDR2.54-LI-4P"; UniqueID = "\RKXMEJLU"
Change component parameters. Clean all parameters for all variants
Change component parameters (AddParameter): Name = "LatestRevisionDate"; Value = "17-Jul-2002"; VariantName = "[No Variations]"
Change component parameters (AddParameter): Name = "LatestRevisionNote"; Value = "Re-released for DXP Platform."; VariantName = "[No Variations]"
Change component parameters (AddParameter): Name = "Publisher"; Value = "Altium Limited"; VariantName = "[No Variations]"
Change component parameters: Designator = "P2"; Footprint = "HDR2.54-LI-4P"; UniqueID = "\UWATHXKA"
Change component parameters. Clean all parameters for all variants
Change component parameters (AddParameter): Name = "LatestRevisionDate"; Value = "17-Jul-2002"; VariantName = "[No Variations]"
Change component parameters (AddParameter): Name = "LatestRevisionNote"; Value = "Re-released for DXP Platform."; VariantName = "[No Variations]"
Change component parameters (AddParameter): Name = "Publisher"; Value = "Altium Limited"; VariantName = "[No Variations]"
Change component parameters: Designator = "P3"; Footprint = "X2"; UniqueID = "\ATEBAABU"
Change component parameters. Clean all parameters for all variants
Change component parameters (AddParameter): Name = "LatestRevisionDate"; Value = "17-Jul-2002"; VariantName = "[No Variations]"
Change component parameters (AddParameter): Name = "LatestRevisionNote"; Value = "Re-released for DXP Platform."; VariantName = "[No Variations]"
Change component parameters (AddParameter): Name = "Publisher"; Value = "Altium Limited"; VariantName = "[No Variations]"
Change component parameters: Designator = "P4"; Footprint = "X2"; UniqueID = "\YDBWWGKW"
Change component parameters. Clean all parameters for all variants
Change component parameters (AddParameter): Name = "LatestRevisionDate"; Value = "17-Jul-2002"; VariantName = "[No Variations]"
Change component parameters (AddParameter): Name = "LatestRevisionNote"; Value = "Re-released for DXP Platform."; VariantName = "[No Variations]"
Change component parameters (AddParameter): Name = "Publisher"; Value = "Altium Limited"; VariantName = "[No Variations]"
Change component parameters: Designator = "P5"; Footprint = "HDR2.54-LI-4P"; UniqueID = "\AVVMGBZB"
Change component parameters. Clean all parameters for all variants
Change component parameters (AddParameter): Name = "LatestRevisionDate"; Value = "17-Jul-2002"; VariantName = "[No Variations]"
Change component parameters (AddParameter): Name = "LatestRevisionNote"; Value = "Re-released for DXP Platform."; VariantName = "[No Variations]"
Change component parameters (AddParameter): Name = "Publisher"; Value = "Altium Limited"; VariantName = "[No Variations]"
Added Pin To Net: NetName=PC13 Pin=Header4-1
Added Pin To Net: NetName=OSC_IN Pin=Header4-2
Added Pin To Net: NetName=OSC_OUT Pin=Header4-3
Added Pin To Net: NetName=PC0 Pin=Header4-4
Added Pin To Net: NetName=PC1 Pin=Header4-5
Added Pin To Net: NetName=PC2 Pin=Header4-6
Added Pin To Net: NetName=PC3 Pin=Header4-7
Added Pin To Net: NetName=PC4 Pin=Header5-1
Added Pin To Net: NetName=PA7 Pin=Header5-2
Added Pin To Net: NetName=PA6 Pin=Header5-3
Added Pin To Net: NetName=PA5/SCL Pin=Header5-4
Added Pin To Net: NetName=PA4/SDA Pin=Header5-5
Added Pin To Net: NetName=RXD2 Pin=Header5-6
Added Pin To Net: NetName=TXD2 Pin=Header5-7
Added Pin To Net: NetName=PA1 Pin=Header5-8
Added Pin To Net: NetName=PB14/SDO Pin=Header6-1
Added Pin To Net: NetName=PB13/SCL Pin=Header6-2
Added Pin To Net: NetName=PB12/CS Pin=Header6-3
Added Pin To Net: NetName=PB11 Pin=Header6-4
Added Pin To Net: NetName=PB10 Pin=Header6-5
Added Pin To Net: NetName=PB1 Pin=Header6-6
Added Pin To Net: NetName=PB0 Pin=Header6-7
Added Pin To Net: NetName=PC5 Pin=Header6-8
Added Pin To Net: NetName=RXD Pin=Header7-1
Added Pin To Net: NetName=TXD Pin=Header7-2
Added Pin To Net: NetName=PA8 Pin=Header7-3
Added Pin To Net: NetName=PC9 Pin=Header7-4
Added Pin To Net: NetName=PC8 Pin=Header7-5
Added Pin To Net: NetName=PC7/BLK Pin=Header7-6
Added Pin To Net: NetName=PC6/RS Pin=Header7-7
Added Pin To Net: NetName=PB15/SDL Pin=Header7-8
Added Pin To Net: NetName=PB9 Pin=Header9-1
Added Pin To Net: NetName=PB8 Pin=Header9-2
Added Pin To Net: NetName=BOOT0 Pin=Header9-3
Added Pin To Net: NetName=PB7 Pin=Header9-4
Added Pin To Net: NetName=PB6 Pin=Header9-5
Added Pin To Net: NetName=PB5 Pin=Header9-6
Added Pin To Net: NetName=PB4 Pin=Header9-7
Added Pin To Net: NetName=PB3 Pin=Header9-8
Added Pin To Net: NetName=PD2 Pin=Header10-1
Added Pin To Net: NetName=PC11 Pin=Header10-2
Added Pin To Net: NetName=PC10 Pin=Header10-3
Added Pin To Net: NetName=PA15 Pin=Header10-4
Added Pin To Net: NetName=SWDCLK Pin=Header10-5
Added Pin To Net: NetName=SWDIO Pin=Header10-6
Added Pin To Net: NetName=PA12 Pin=Header10-7
Added Pin To Net: NetName=PA11 Pin=Header10-8
