Change Component Designator: Old Designator=C1 New Designator=C4
Change Component Designator: Old Designator=C2 New Designator=C5
Change Component Designator: Old Designator=C5 New Designator=C6
Change Component Designator: Old Designator=C9 New Designator=C1
Change Component Designator: Old Designator=C10 New Designator=C7
Change Component Designator: Old Designator=C11 New Designator=C3
Change Component Designator: Old Designator=C12 New Designator=C2
Change Component Designator: Old Designator=C23 New Designator=C9
Change Component Designator: Old Designator=C26 New Designator=C11
Change Component Designator: Old Designator=C27 New Designator=C10
Change Component Designator: Old Designator=C28 New Designator=C13
Change Component Designator: Old Designator=C29 New Designator=C20
Change Component Designator: Old Designator=C30 New Designator=C21
Change Component Designator: Old Designator=C31 New Designator=C22
Change Component Designator: Old Designator=C32 New Designator=C17
Change Component Designator: Old Designator=C? New Designator=C8
Change Component Designator: Old Designator=C? New Designator=C12
Change Component Designator: Old Designator=C? New Designator=C14
Change Component Designator: Old Designator=C? New Designator=C15
Change Component Designator: Old Designator=C? New Designator=C16
Change Component Designator: Old Designator=C? New Designator=C18
Change Component Designator: Old Designator=C? New Designator=C19
Change Component Designator: Old Designator=D? New Designator=D2
Change Component Designator: Old Designator=D? New Designator=D3
Change Component Designator: Old Designator=D? New Designator=D4
Change Component Designator: Old Designator=D? New Designator=D5
Change Component Designator: Old Designator=D? New Designator=D6
Change Component Designator: Old Designator=H? New Designator=H1
Change Component Designator: Old Designator=Header? New Designator=Header1
Change Component Designator: Old Designator=Header? New Designator=Header2
Change Component Designator: Old Designator=Header? New Designator=Header3
Change Component Designator: Old Designator=Header? New Designator=Header4
Change Component Designator: Old Designator=Header? New Designator=Header5
Change Component Designator: Old Designator=Header? New Designator=Header6
Change Component Designator: Old Designator=Header? New Designator=Header7
Change Component Designator: Old Designator=Header? New Designator=Header8
Change Component Designator: Old Designator=L2 New Designator=L1
Change Component Designator: Old Designator=L3 New Designator=L2
Change Component Designator: Old Designator=P5 New Designator=P4
Change Component Designator: Old Designator=P8 New Designator=P3
Change Component Designator: Old Designator=P9 New Designator=P2
Change Component Designator: Old Designator=P? New Designator=P1
Change Component Designator: Old Designator=P? New Designator=P5
Change Component Designator: Old Designator=R1 New Designator=R3
Change Component Designator: Old Designator=R5 New Designator=R1
Change Component Designator: Old Designator=R10 New Designator=R4
Change Component Designator: Old Designator=R15 New Designator=R5
Change Component Designator: Old Designator=R20 New Designator=R7
Change Component Designator: Old Designator=R22 New Designator=R6
Change Component Designator: Old Designator=R? New Designator=R8
Change Component Designator: Old Designator=R? New Designator=R9
Change Component Designator: Old Designator=R? New Designator=R10
Change Component Designator: Old Designator=R? New Designator=R11
Change Component Designator: Old Designator=R? New Designator=R12
Change Component Designator: Old Designator=R? New Designator=R13
Change Component Designator: Old Designator=R? New Designator=R14
Change Component Designator: Old Designator=R? New Designator=R15
Change Component Designator: Old Designator=R? New Designator=R16
Change Component Designator: Old Designator=R? New Designator=R17
Change Component Designator: Old Designator=R? New Designator=R18
Change Component Designator: Old Designator=R? New Designator=R19
Change Component Designator: Old Designator=R? New Designator=R20
Change Component Designator: Old Designator=RESET? New Designator=RESET2
Change Component Designator: Old Designator=RESET? New Designator=RESET3
Change Component Designator: Old Designator=U2 New Designator=U1
Change Component Designator: Old Designator=U6 New Designator=U3
Change Component Designator: Old Designator=U? New Designator=U2
Change Component Designator: Old Designator=U? New Designator=U4
Change Component Designator: Old Designator=U? New Designator=U5
Change Component Designator: Old Designator=U? New Designator=U6
Change Component Designator: Old Designator=Y? New Designator=Y2
