Removed Pin From Net: NetName=VCC5 Pin=C10-2
Removed Pin From Net: NetName=GND Pin=C11-1
Removed Pin From Net: NetName=GND Pin=C13-1
Removed Pin From Net: NetName=VCC5 Pin=C13-2
Removed Pin From Net: NetName=VCC3.3 Pin=D2-1
Removed Pin From Net: NetName=VCC3.3 Pin=D3-1
Removed Pin From Net: NetName=VCC3.3 Pin=D4-1
Removed Pin From Net: NetName=GND Pin=J1-5
Removed Pin From Net: NetName=VCC5 Pin=P4-1
Removed Pin From Net: NetName=GND Pin=P4-2
Removed Pin From Net: NetName=PB0 Pin=R9-2
Removed Pin From Net: NetName=PB1 Pin=R13-2
Removed Pin From Net: NetName=PB5 Pin=R14-2
Removed Pin From Net: NetName=TXD Pin=U3-11
Removed Pin From Net: NetName=RXD Pin=U3-12
Removed Pin From Net: NetName=GND Pin=U3-15
Removed Pin From Net: NetName=VCC5 Pin=U3-16
Removed Member From Class: ClassName=梁物業 Member=C9
Removed Member From Class: ClassName=梁物業 Member=C10
Removed Member From Class: ClassName=梁物業 Member=C11
Removed Member From Class: ClassName=梁物業 Member=C13
Removed Member From Class: ClassName=梁物業 Member=C17
Removed Member From Class: ClassName=梁物業 Member=D2
Removed Member From Class: ClassName=梁物業 Member=D3
Removed Member From Class: ClassName=梁物業 Member=D4
Removed Member From Class: ClassName=梁物業 Member=J1
Removed Member From Class: ClassName=梁物業 Member=P4
Removed Member From Class: ClassName=梁物業 Member=R9
Removed Member From Class: ClassName=梁物業 Member=R13
Removed Member From Class: ClassName=梁物業 Member=R14
Removed Member From Class: ClassName=梁物業 Member=U3
Change component parameters: Designator = "P1"; Footprint = "HDR2.54-LI-4P"; UniqueID = "\RKXMEJLU"
Change component parameters. Clean all parameters for all variants
Change component parameters (AddParameter): Name = "LatestRevisionDate"; Value = "17-Jul-2002"; VariantName = "[No Variations]"
Change component parameters (AddParameter): Name = "LatestRevisionNote"; Value = "Re-released for DXP Platform."; VariantName = "[No Variations]"
Change component parameters (AddParameter): Name = "Publisher"; Value = "Altium Limited"; VariantName = "[No Variations]"
Change component parameters: Designator = "P2"; Footprint = "HDR2.54-LI-4P"; UniqueID = "\UWATHXKA"
Change component parameters. Clean all parameters for all variants
Change component parameters (AddParameter): Name = "LatestRevisionDate"; Value = "17-Jul-2002"; VariantName = "[No Variations]"
Change component parameters (AddParameter): Name = "LatestRevisionNote"; Value = "Re-released for DXP Platform."; VariantName = "[No Variations]"
Change component parameters (AddParameter): Name = "Publisher"; Value = "Altium Limited"; VariantName = "[No Variations]"
Change component parameters: Designator = "P3"; Footprint = "X2"; UniqueID = "\ATEBAABU"
Change component parameters. Clean all parameters for all variants
Change component parameters (AddParameter): Name = "LatestRevisionDate"; Value = "17-Jul-2002"; VariantName = "[No Variations]"
Change component parameters (AddParameter): Name = "LatestRevisionNote"; Value = "Re-released for DXP Platform."; VariantName = "[No Variations]"
Change component parameters (AddParameter): Name = "Publisher"; Value = "Altium Limited"; VariantName = "[No Variations]"
Change component parameters: Designator = "P5"; Footprint = "HDR2.54-LI-4P"; UniqueID = "\AVVMGBZB"
Change component parameters. Clean all parameters for all variants
Change component parameters (AddParameter): Name = "LatestRevisionDate"; Value = "17-Jul-2002"; VariantName = "[No Variations]"
Change component parameters (AddParameter): Name = "LatestRevisionNote"; Value = "Re-released for DXP Platform."; VariantName = "[No Variations]"
Change component parameters (AddParameter): Name = "Publisher"; Value = "Altium Limited"; VariantName = "[No Variations]"
